<?xml version="1.0" encoding="UTF-8"?>
<!-- Generated by org.testng.reporters.JUnitReportReporter -->
<testsuite hostname="shekhar" failures="0" tests="1" name="Createtest" time="0.066" errors="0" timestamp="2021-10-19T18:15:20 IST" skipped="0">
  <testcase classname="Createtest" name="createtest" time="0.066"/>
  <system-out/>
</testsuite> <!-- Createtest -->
