<?xml version="1.0" encoding="UTF-8"?>
<!-- Generated by org.testng.reporters.JUnitReportReporter -->
<testsuite hostname="shekhar" failures="0" tests="1" name="CreateTest" time="0.032" errors="0" timestamp="2021-10-19T19:19:27 IST" skipped="0">
  <testcase classname="CreateTest" name="createtest" time="0.032"/>
  <system-out/>
</testsuite> <!-- CreateTest -->
